2015/01/20 11:50:41 [error] [exception.CHttpException.404] exception 'CHttpException' with message 'Unable to resolve the request "d/navul.png".' in D:\wamp\web\plan\framework\web\CWebApplication.php:286
Stack trace:
#0 D:\wamp\web\plan\framework\web\CWebApplication.php(141): CWebApplication->runController('d/navul.png')
#1 D:\wamp\web\plan\framework\base\CApplication.php(169): CWebApplication->processRequest()
#2 D:\wamp\web\plan\index.php(13): CApplication->run()
#3 {main}
REQUEST_URI=/d/navul.png
HTTP_REFERER=http://plan.hkoudai.com/kaifu_files/d.css
---
2015/01/20 11:50:41 [error] [exception.CHttpException.404] exception 'CHttpException' with message 'Unable to resolve the request "images/is.png".' in D:\wamp\web\plan\framework\web\CWebApplication.php:286
Stack trace:
#0 D:\wamp\web\plan\framework\web\CWebApplication.php(141): CWebApplication->runController('images/is.png')
#1 D:\wamp\web\plan\framework\base\CApplication.php(169): CWebApplication->processRequest()
#2 D:\wamp\web\plan\index.php(13): CApplication->run()
#3 {main}
REQUEST_URI=/images/is.png?cdnversion=20131219
HTTP_REFERER=http://plan.hkoudai.com/kaifu_files/bdsstyle.css
---
2015/01/20 11:50:40 [error] [exception.CHttpException.404] exception 'CHttpException' with message 'Unable to resolve the request "kaifu_files/_img/thisChangeSkin.gif".' in D:\wamp\web\plan\framework\web\CWebApplication.php:286
Stack trace:
#0 D:\wamp\web\plan\framework\web\CWebApplication.php(141): CWebApplication->runController('kaifu_files/_im...')
#1 D:\wamp\web\plan\framework\base\CApplication.php(169): CWebApplication->processRequest()
#2 D:\wamp\web\plan\index.php(13): CApplication->run()
#3 {main}
REQUEST_URI=/kaifu_files/_img/thisChangeSkin.gif
HTTP_REFERER=http://plan.hkoudai.com/kaifu_files/public.css
---
2015/01/20 11:50:41 [error] [exception.CHttpException.404] exception 'CHttpException' with message 'Unable to resolve the request "images/pi.gif".' in D:\wamp\web\plan\framework\web\CWebApplication.php:286
Stack trace:
#0 D:\wamp\web\plan\framework\web\CWebApplication.php(141): CWebApplication->runController('images/pi.gif')
#1 D:\wamp\web\plan\framework\base\CApplication.php(169): CWebApplication->processRequest()
#2 D:\wamp\web\plan\index.php(13): CApplication->run()
#3 {main}
REQUEST_URI=/images/pi.gif?cdnversion=20120720
HTTP_REFERER=http://plan.hkoudai.com/kaifu_files/bdsstyle.css
---
2015/01/20 11:50:41 [error] [exception.CHttpException.404] exception 'CHttpException' with message 'Unable to resolve the request "d/navli.png".' in D:\wamp\web\plan\framework\web\CWebApplication.php:286
Stack trace:
#0 D:\wamp\web\plan\framework\web\CWebApplication.php(141): CWebApplication->runController('d/navli.png')
#1 D:\wamp\web\plan\framework\base\CApplication.php(169): CWebApplication->processRequest()
#2 D:\wamp\web\plan\index.php(13): CApplication->run()
#3 {main}
REQUEST_URI=/d/navli.png
HTTP_REFERER=http://plan.hkoudai.com/kaifu_files/d.css
---
2015/01/23 16:55:18 [error] [exception.CHttpException.404] exception 'CHttpException' with message 'Unable to resolve the request "combine/=.js".' in D:\wamp\web\plan\framework\web\CWebApplication.php:286
Stack trace:
#0 D:\wamp\web\plan\framework\web\CWebApplication.php(141): CWebApplication->runController('combine/=.js')
#1 D:\wamp\web\plan\framework\base\CApplication.php(169): CWebApplication->processRequest()
#2 D:\wamp\web\plan\index.php(13): CApplication->run()
#3 {main}
REQUEST_URI=/combine/=.js
HTTP_REFERER=http://plan.hkoudai.com/site
---
2015/01/23 16:55:22 [error] [exception.CHttpException.404] exception 'CHttpException' with message 'Unable to resolve the request "combine/=.js".' in D:\wamp\web\plan\framework\web\CWebApplication.php:286
Stack trace:
#0 D:\wamp\web\plan\framework\web\CWebApplication.php(141): CWebApplication->runController('combine/=.js')
#1 D:\wamp\web\plan\framework\base\CApplication.php(169): CWebApplication->processRequest()
#2 D:\wamp\web\plan\index.php(13): CApplication->run()
#3 {main}
REQUEST_URI=/combine/=.js
---
2015/01/23 16:55:23 [error] [exception.CHttpException.404] exception 'CHttpException' with message 'Unable to resolve the request "js/admin/article_system/error.js".' in D:\wamp\web\plan\framework\web\CWebApplication.php:286
Stack trace:
#0 D:\wamp\web\plan\framework\web\CWebApplication.php(141): CWebApplication->runController('js/admin/articl...')
#1 D:\wamp\web\plan\framework\base\CApplication.php(169): CWebApplication->processRequest()
#2 D:\wamp\web\plan\index.php(13): CApplication->run()
#3 {main}
REQUEST_URI=/js/admin/article_system/error.js
HTTP_REFERER=http://plan.hkoudai.com/combine/=.js
---
2015/01/23 16:55:40 [error] [exception.CHttpException.404] exception 'CHttpException' with message 'Unable to resolve the request "combine/test.js".' in D:\wamp\web\plan\framework\web\CWebApplication.php:286
Stack trace:
#0 D:\wamp\web\plan\framework\web\CWebApplication.php(141): CWebApplication->runController('combine/test.js')
#1 D:\wamp\web\plan\framework\base\CApplication.php(169): CWebApplication->processRequest()
#2 D:\wamp\web\plan\index.php(13): CApplication->run()
#3 {main}
REQUEST_URI=/combine/test.js
HTTP_REFERER=http://plan.hkoudai.com/site
---
2015/01/23 16:55:42 [error] [exception.CHttpException.404] exception 'CHttpException' with message 'Unable to resolve the request "combine/test.js".' in D:\wamp\web\plan\framework\web\CWebApplication.php:286
Stack trace:
#0 D:\wamp\web\plan\framework\web\CWebApplication.php(141): CWebApplication->runController('combine/test.js')
#1 D:\wamp\web\plan\framework\base\CApplication.php(169): CWebApplication->processRequest()
#2 D:\wamp\web\plan\index.php(13): CApplication->run()
#3 {main}
REQUEST_URI=/combine/test.js
---
2015/01/23 16:55:42 [error] [exception.CHttpException.404] exception 'CHttpException' with message 'Unable to resolve the request "js/admin/article_system/error.js".' in D:\wamp\web\plan\framework\web\CWebApplication.php:286
Stack trace:
#0 D:\wamp\web\plan\framework\web\CWebApplication.php(141): CWebApplication->runController('js/admin/articl...')
#1 D:\wamp\web\plan\framework\base\CApplication.php(169): CWebApplication->processRequest()
#2 D:\wamp\web\plan\index.php(13): CApplication->run()
#3 {main}
REQUEST_URI=/js/admin/article_system/error.js
HTTP_REFERER=http://plan.hkoudai.com/combine/test.js
---
2015/01/23 16:55:50 [error] [exception.CHttpException.404] exception 'CHttpException' with message 'The system is unable to find the requested action "js".' in D:\wamp\web\plan\framework\web\CController.php:483
Stack trace:
#0 D:\wamp\web\plan\framework\web\CController.php(270): CController->missingAction('js')
#1 D:\wamp\web\plan\framework\web\CWebApplication.php(282): CController->run('js')
#2 D:\wamp\web\plan\framework\web\CWebApplication.php(141): CWebApplication->runController('style/js/combin...')
#3 D:\wamp\web\plan\framework\base\CApplication.php(169): CWebApplication->processRequest()
#4 D:\wamp\web\plan\index.php(13): CApplication->run()
#5 {main}
REQUEST_URI=/style/js/combine/test.js
HTTP_REFERER=http://plan.hkoudai.com/site
---
2015/01/23 16:55:53 [error] [exception.CHttpException.404] exception 'CHttpException' with message 'The system is unable to find the requested action "js".' in D:\wamp\web\plan\framework\web\CController.php:483
Stack trace:
#0 D:\wamp\web\plan\framework\web\CController.php(270): CController->missingAction('js')
#1 D:\wamp\web\plan\framework\web\CWebApplication.php(282): CController->run('js')
#2 D:\wamp\web\plan\framework\web\CWebApplication.php(141): CWebApplication->runController('style/js/combin...')
#3 D:\wamp\web\plan\framework\base\CApplication.php(169): CWebApplication->processRequest()
#4 D:\wamp\web\plan\index.php(13): CApplication->run()
#5 {main}
REQUEST_URI=/style/js/combine/test.js
---
2015/01/23 16:55:53 [error] [exception.CHttpException.404] exception 'CHttpException' with message 'Unable to resolve the request "js/admin/article_system/error.js".' in D:\wamp\web\plan\framework\web\CWebApplication.php:286
Stack trace:
#0 D:\wamp\web\plan\framework\web\CWebApplication.php(141): CWebApplication->runController('js/admin/articl...')
#1 D:\wamp\web\plan\framework\base\CApplication.php(169): CWebApplication->processRequest()
#2 D:\wamp\web\plan\index.php(13): CApplication->run()
#3 {main}
REQUEST_URI=/js/admin/article_system/error.js
HTTP_REFERER=http://plan.hkoudai.com/style/js/combine/test.js
---
2015/01/23 16:56:27 [error] [exception.CHttpException.404] exception 'CHttpException' with message 'The system is unable to find the requested action "js".' in D:\wamp\web\plan\framework\web\CController.php:483
Stack trace:
#0 D:\wamp\web\plan\framework\web\CController.php(270): CController->missingAction('js')
#1 D:\wamp\web\plan\framework\web\CWebApplication.php(282): CController->run('js')
#2 D:\wamp\web\plan\framework\web\CWebApplication.php(141): CWebApplication->runController('style/js/combin...')
#3 D:\wamp\web\plan\framework\base\CApplication.php(169): CWebApplication->processRequest()
#4 D:\wamp\web\plan\index.php(13): CApplication->run()
#5 {main}
REQUEST_URI=/style/js/combine/test.js
HTTP_REFERER=http://plan.hkoudai.com/site
---
2015/01/23 16:56:29 [error] [exception.CHttpException.404] exception 'CHttpException' with message 'The system is unable to find the requested action "js".' in D:\wamp\web\plan\framework\web\CController.php:483
Stack trace:
#0 D:\wamp\web\plan\framework\web\CController.php(270): CController->missingAction('js')
#1 D:\wamp\web\plan\framework\web\CWebApplication.php(282): CController->run('js')
#2 D:\wamp\web\plan\framework\web\CWebApplication.php(141): CWebApplication->runController('style/js/combin...')
#3 D:\wamp\web\plan\framework\base\CApplication.php(169): CWebApplication->processRequest()
#4 D:\wamp\web\plan\index.php(13): CApplication->run()
#5 {main}
REQUEST_URI=/style/js/combine/test.js
---
2015/01/23 16:56:29 [error] [exception.CHttpException.404] exception 'CHttpException' with message 'Unable to resolve the request "js/admin/article_system/error.js".' in D:\wamp\web\plan\framework\web\CWebApplication.php:286
Stack trace:
#0 D:\wamp\web\plan\framework\web\CWebApplication.php(141): CWebApplication->runController('js/admin/articl...')
#1 D:\wamp\web\plan\framework\base\CApplication.php(169): CWebApplication->processRequest()
#2 D:\wamp\web\plan\index.php(13): CApplication->run()
#3 {main}
REQUEST_URI=/js/admin/article_system/error.js
HTTP_REFERER=http://plan.hkoudai.com/style/js/combine/test.js
---
2015/01/23 16:56:47 [error] [exception.CHttpException.404] exception 'CHttpException' with message 'The system is unable to find the requested action "js".' in D:\wamp\web\plan\framework\web\CController.php:483
Stack trace:
#0 D:\wamp\web\plan\framework\web\CController.php(270): CController->missingAction('js')
#1 D:\wamp\web\plan\framework\web\CWebApplication.php(282): CController->run('js')
#2 D:\wamp\web\plan\framework\web\CWebApplication.php(141): CWebApplication->runController('style/js/combin...')
#3 D:\wamp\web\plan\framework\base\CApplication.php(169): CWebApplication->processRequest()
#4 D:\wamp\web\plan\index.php(13): CApplication->run()
#5 {main}
REQUEST_URI=/style/js/combine/test.js
HTTP_REFERER=http://plan.hkoudai.com/site
---
2015/01/23 16:56:52 [error] [exception.CHttpException.404] exception 'CHttpException' with message 'The system is unable to find the requested action "js".' in D:\wamp\web\plan\framework\web\CController.php:483
Stack trace:
#0 D:\wamp\web\plan\framework\web\CController.php(270): CController->missingAction('js')
#1 D:\wamp\web\plan\framework\web\CWebApplication.php(282): CController->run('js')
#2 D:\wamp\web\plan\framework\web\CWebApplication.php(141): CWebApplication->runController('style/js/combin...')
#3 D:\wamp\web\plan\framework\base\CApplication.php(169): CWebApplication->processRequest()
#4 D:\wamp\web\plan\index.php(13): CApplication->run()
#5 {main}
REQUEST_URI=/style/js/combine/test.js
---
2015/01/23 16:56:52 [error] [exception.CHttpException.404] exception 'CHttpException' with message 'Unable to resolve the request "js/admin/article_system/error.js".' in D:\wamp\web\plan\framework\web\CWebApplication.php:286
Stack trace:
#0 D:\wamp\web\plan\framework\web\CWebApplication.php(141): CWebApplication->runController('js/admin/articl...')
#1 D:\wamp\web\plan\framework\base\CApplication.php(169): CWebApplication->processRequest()
#2 D:\wamp\web\plan\index.php(13): CApplication->run()
#3 {main}
REQUEST_URI=/js/admin/article_system/error.js
HTTP_REFERER=http://plan.hkoudai.com/style/js/combine/test.js
---
2015/01/23 16:57:42 [error] [exception.CHttpException.404] exception 'CHttpException' with message 'The system is unable to find the requested action "js".' in D:\wamp\web\plan\framework\web\CController.php:483
Stack trace:
#0 D:\wamp\web\plan\framework\web\CController.php(270): CController->missingAction('js')
#1 D:\wamp\web\plan\framework\web\CWebApplication.php(282): CController->run('js')
#2 D:\wamp\web\plan\framework\web\CWebApplication.php(141): CWebApplication->runController('style/js/combin...')
#3 D:\wamp\web\plan\framework\base\CApplication.php(169): CWebApplication->processRequest()
#4 D:\wamp\web\plan\index.php(13): CApplication->run()
#5 {main}
REQUEST_URI=/style/js/combine/test.js
HTTP_REFERER=http://plan.hkoudai.com/site
---
2015/01/23 16:57:49 [error] [exception.CHttpException.404] exception 'CHttpException' with message 'The system is unable to find the requested action "js".' in D:\wamp\web\plan\framework\web\CController.php:483
Stack trace:
#0 D:\wamp\web\plan\framework\web\CController.php(270): CController->missingAction('js')
#1 D:\wamp\web\plan\framework\web\CWebApplication.php(282): CController->run('js')
#2 D:\wamp\web\plan\framework\web\CWebApplication.php(141): CWebApplication->runController('style/js/combin...')
#3 D:\wamp\web\plan\framework\base\CApplication.php(169): CWebApplication->processRequest()
#4 D:\wamp\web\plan\index.php(13): CApplication->run()
#5 {main}
REQUEST_URI=/style/js/combine/test.js
---
2015/01/23 16:57:49 [error] [exception.CHttpException.404] exception 'CHttpException' with message 'Unable to resolve the request "js/admin/article_system/error.js".' in D:\wamp\web\plan\framework\web\CWebApplication.php:286
Stack trace:
#0 D:\wamp\web\plan\framework\web\CWebApplication.php(141): CWebApplication->runController('js/admin/articl...')
#1 D:\wamp\web\plan\framework\base\CApplication.php(169): CWebApplication->processRequest()
#2 D:\wamp\web\plan\index.php(13): CApplication->run()
#3 {main}
REQUEST_URI=/js/admin/article_system/error.js
HTTP_REFERER=http://plan.hkoudai.com/style/js/combine/test.js
---
2015/01/23 16:58:10 [error] [exception.CHttpException.404] exception 'CHttpException' with message 'The system is unable to find the requested action "js".' in D:\wamp\web\plan\framework\web\CController.php:483
Stack trace:
#0 D:\wamp\web\plan\framework\web\CController.php(270): CController->missingAction('js')
#1 D:\wamp\web\plan\framework\web\CWebApplication.php(282): CController->run('js')
#2 D:\wamp\web\plan\framework\web\CWebApplication.php(141): CWebApplication->runController('style/js/combin...')
#3 D:\wamp\web\plan\framework\base\CApplication.php(169): CWebApplication->processRequest()
#4 D:\wamp\web\plan\index.php(13): CApplication->run()
#5 {main}
REQUEST_URI=/style/js/combine/test.js
---
2015/01/23 16:58:10 [error] [exception.CHttpException.404] exception 'CHttpException' with message 'Unable to resolve the request "js/admin/article_system/error.js".' in D:\wamp\web\plan\framework\web\CWebApplication.php:286
Stack trace:
#0 D:\wamp\web\plan\framework\web\CWebApplication.php(141): CWebApplication->runController('js/admin/articl...')
#1 D:\wamp\web\plan\framework\base\CApplication.php(169): CWebApplication->processRequest()
#2 D:\wamp\web\plan\index.php(13): CApplication->run()
#3 {main}
REQUEST_URI=/js/admin/article_system/error.js
HTTP_REFERER=http://plan.hkoudai.com/style/js/combine/test.js
---
2015/01/23 16:58:13 [error] [exception.CHttpException.404] exception 'CHttpException' with message 'The system is unable to find the requested action "js".' in D:\wamp\web\plan\framework\web\CController.php:483
Stack trace:
#0 D:\wamp\web\plan\framework\web\CController.php(270): CController->missingAction('js')
#1 D:\wamp\web\plan\framework\web\CWebApplication.php(282): CController->run('js')
#2 D:\wamp\web\plan\framework\web\CWebApplication.php(141): CWebApplication->runController('style/js/n/test...')
#3 D:\wamp\web\plan\framework\base\CApplication.php(169): CWebApplication->processRequest()
#4 D:\wamp\web\plan\index.php(13): CApplication->run()
#5 {main}
REQUEST_URI=/style/js/n/test.js
HTTP_REFERER=http://plan.hkoudai.com/site
---
2015/01/23 16:58:22 [error] [exception.CHttpException.404] exception 'CHttpException' with message 'The system is unable to find the requested action "js".' in D:\wamp\web\plan\framework\web\CController.php:483
Stack trace:
#0 D:\wamp\web\plan\framework\web\CController.php(270): CController->missingAction('js')
#1 D:\wamp\web\plan\framework\web\CWebApplication.php(282): CController->run('js')
#2 D:\wamp\web\plan\framework\web\CWebApplication.php(141): CWebApplication->runController('style/js/n/test...')
#3 D:\wamp\web\plan\framework\base\CApplication.php(169): CWebApplication->processRequest()
#4 D:\wamp\web\plan\index.php(13): CApplication->run()
#5 {main}
REQUEST_URI=/style/js/n/test.js
---
2015/01/23 16:58:22 [error] [exception.CHttpException.404] exception 'CHttpException' with message 'Unable to resolve the request "js/admin/article_system/error.js".' in D:\wamp\web\plan\framework\web\CWebApplication.php:286
Stack trace:
#0 D:\wamp\web\plan\framework\web\CWebApplication.php(141): CWebApplication->runController('js/admin/articl...')
#1 D:\wamp\web\plan\framework\base\CApplication.php(169): CWebApplication->processRequest()
#2 D:\wamp\web\plan\index.php(13): CApplication->run()
#3 {main}
REQUEST_URI=/js/admin/article_system/error.js
HTTP_REFERER=http://plan.hkoudai.com/style/js/n/test.js
---
2015/01/23 16:58:43 [error] [exception.CHttpException.404] exception 'CHttpException' with message 'The system is unable to find the requested action "js".' in D:\wamp\web\plan\framework\web\CController.php:483
Stack trace:
#0 D:\wamp\web\plan\framework\web\CController.php(270): CController->missingAction('js')
#1 D:\wamp\web\plan\framework\web\CWebApplication.php(282): CController->run('js')
#2 D:\wamp\web\plan\framework\web\CWebApplication.php(141): CWebApplication->runController('style/js/n/test...')
#3 D:\wamp\web\plan\framework\base\CApplication.php(169): CWebApplication->processRequest()
#4 D:\wamp\web\plan\index.php(13): CApplication->run()
#5 {main}
REQUEST_URI=/style/js/n/test.js
HTTP_REFERER=http://plan.hkoudai.com/site
---
2015/01/23 16:58:46 [error] [exception.CHttpException.404] exception 'CHttpException' with message 'The system is unable to find the requested action "js".' in D:\wamp\web\plan\framework\web\CController.php:483
Stack trace:
#0 D:\wamp\web\plan\framework\web\CController.php(270): CController->missingAction('js')
#1 D:\wamp\web\plan\framework\web\CWebApplication.php(282): CController->run('js')
#2 D:\wamp\web\plan\framework\web\CWebApplication.php(141): CWebApplication->runController('style/js/n/test...')
#3 D:\wamp\web\plan\framework\base\CApplication.php(169): CWebApplication->processRequest()
#4 D:\wamp\web\plan\index.php(13): CApplication->run()
#5 {main}
REQUEST_URI=/style/js/n/test.js
HTTP_REFERER=http://plan.hkoudai.com/site
---
2015/01/23 16:58:46 [error] [exception.CHttpException.404] exception 'CHttpException' with message 'The system is unable to find the requested action "js".' in D:\wamp\web\plan\framework\web\CController.php:483
Stack trace:
#0 D:\wamp\web\plan\framework\web\CController.php(270): CController->missingAction('js')
#1 D:\wamp\web\plan\framework\web\CWebApplication.php(282): CController->run('js')
#2 D:\wamp\web\plan\framework\web\CWebApplication.php(141): CWebApplication->runController('style/js/n/test...')
#3 D:\wamp\web\plan\framework\base\CApplication.php(169): CWebApplication->processRequest()
#4 D:\wamp\web\plan\index.php(13): CApplication->run()
#5 {main}
REQUEST_URI=/style/js/n/test.js
HTTP_REFERER=http://plan.hkoudai.com/site
---
2015/01/23 16:58:46 [error] [exception.CHttpException.404] exception 'CHttpException' with message 'The system is unable to find the requested action "js".' in D:\wamp\web\plan\framework\web\CController.php:483
Stack trace:
#0 D:\wamp\web\plan\framework\web\CController.php(270): CController->missingAction('js')
#1 D:\wamp\web\plan\framework\web\CWebApplication.php(282): CController->run('js')
#2 D:\wamp\web\plan\framework\web\CWebApplication.php(141): CWebApplication->runController('style/js/n/test...')
#3 D:\wamp\web\plan\framework\base\CApplication.php(169): CWebApplication->processRequest()
#4 D:\wamp\web\plan\index.php(13): CApplication->run()
#5 {main}
REQUEST_URI=/style/js/n/test.js
HTTP_REFERER=http://plan.hkoudai.com/site
---
2015/01/23 16:58:55 [error] [exception.CHttpException.404] exception 'CHttpException' with message 'The system is unable to find the requested action "js".' in D:\wamp\web\plan\framework\web\CController.php:483
Stack trace:
#0 D:\wamp\web\plan\framework\web\CController.php(270): CController->missingAction('js')
#1 D:\wamp\web\plan\framework\web\CWebApplication.php(282): CController->run('js')
#2 D:\wamp\web\plan\framework\web\CWebApplication.php(141): CWebApplication->runController('style/js/n/test...')
#3 D:\wamp\web\plan\framework\base\CApplication.php(169): CWebApplication->processRequest()
#4 D:\wamp\web\plan\index.php(13): CApplication->run()
#5 {main}
REQUEST_URI=/style/js/n/test.js
HTTP_REFERER=http://plan.hkoudai.com/site
---
2015/01/23 16:58:57 [error] [exception.CHttpException.404] exception 'CHttpException' with message 'The system is unable to find the requested action "js".' in D:\wamp\web\plan\framework\web\CController.php:483
Stack trace:
#0 D:\wamp\web\plan\framework\web\CController.php(270): CController->missingAction('js')
#1 D:\wamp\web\plan\framework\web\CWebApplication.php(282): CController->run('js')
#2 D:\wamp\web\plan\framework\web\CWebApplication.php(141): CWebApplication->runController('style/js/n/test...')
#3 D:\wamp\web\plan\framework\base\CApplication.php(169): CWebApplication->processRequest()
#4 D:\wamp\web\plan\index.php(13): CApplication->run()
#5 {main}
REQUEST_URI=/style/js/n/test.js
HTTP_REFERER=http://plan.hkoudai.com/site
---
2015/01/23 16:58:57 [error] [exception.CHttpException.404] exception 'CHttpException' with message 'The system is unable to find the requested action "js".' in D:\wamp\web\plan\framework\web\CController.php:483
Stack trace:
#0 D:\wamp\web\plan\framework\web\CController.php(270): CController->missingAction('js')
#1 D:\wamp\web\plan\framework\web\CWebApplication.php(282): CController->run('js')
#2 D:\wamp\web\plan\framework\web\CWebApplication.php(141): CWebApplication->runController('style/js/n/test...')
#3 D:\wamp\web\plan\framework\base\CApplication.php(169): CWebApplication->processRequest()
#4 D:\wamp\web\plan\index.php(13): CApplication->run()
#5 {main}
REQUEST_URI=/style/js/n/test.js
HTTP_REFERER=http://plan.hkoudai.com/site
---
2015/01/23 16:58:57 [error] [exception.CHttpException.404] exception 'CHttpException' with message 'The system is unable to find the requested action "js".' in D:\wamp\web\plan\framework\web\CController.php:483
Stack trace:
#0 D:\wamp\web\plan\framework\web\CController.php(270): CController->missingAction('js')
#1 D:\wamp\web\plan\framework\web\CWebApplication.php(282): CController->run('js')
#2 D:\wamp\web\plan\framework\web\CWebApplication.php(141): CWebApplication->runController('style/js/n/test...')
#3 D:\wamp\web\plan\framework\base\CApplication.php(169): CWebApplication->processRequest()
#4 D:\wamp\web\plan\index.php(13): CApplication->run()
#5 {main}
REQUEST_URI=/style/js/n/test.js
HTTP_REFERER=http://plan.hkoudai.com/site
---
2015/01/23 16:59:03 [error] [exception.CHttpException.404] exception 'CHttpException' with message 'The system is unable to find the requested action "js".' in D:\wamp\web\plan\framework\web\CController.php:483
Stack trace:
#0 D:\wamp\web\plan\framework\web\CController.php(270): CController->missingAction('js')
#1 D:\wamp\web\plan\framework\web\CWebApplication.php(282): CController->run('js')
#2 D:\wamp\web\plan\framework\web\CWebApplication.php(141): CWebApplication->runController('style/js/n/test...')
#3 D:\wamp\web\plan\framework\base\CApplication.php(169): CWebApplication->processRequest()
#4 D:\wamp\web\plan\index.php(13): CApplication->run()
#5 {main}
REQUEST_URI=/style/js/n/test.js
HTTP_REFERER=http://plan.hkoudai.com/site
---
2015/01/23 17:01:16 [error] [exception.CHttpException.404] exception 'CHttpException' with message 'The system is unable to find the requested action "combine.js".' in D:\wamp\web\plan\framework\web\CController.php:483
Stack trace:
#0 D:\wamp\web\plan\framework\web\CController.php(270): CController->missingAction('combine.js')
#1 D:\wamp\web\plan\framework\web\CWebApplication.php(282): CController->run('combine.js')
#2 D:\wamp\web\plan\framework\web\CWebApplication.php(141): CWebApplication->runController('style/combine.j...')
#3 D:\wamp\web\plan\framework\base\CApplication.php(169): CWebApplication->processRequest()
#4 D:\wamp\web\plan\index.php(13): CApplication->run()
#5 {main}
REQUEST_URI=/style/combine.js
HTTP_REFERER=http://plan.hkoudai.com/site
---
2015/01/23 17:01:18 [error] [exception.CHttpException.404] exception 'CHttpException' with message 'The system is unable to find the requested action "combine.js".' in D:\wamp\web\plan\framework\web\CController.php:483
Stack trace:
#0 D:\wamp\web\plan\framework\web\CController.php(270): CController->missingAction('combine.js')
#1 D:\wamp\web\plan\framework\web\CWebApplication.php(282): CController->run('combine.js')
#2 D:\wamp\web\plan\framework\web\CWebApplication.php(141): CWebApplication->runController('style/combine.j...')
#3 D:\wamp\web\plan\framework\base\CApplication.php(169): CWebApplication->processRequest()
#4 D:\wamp\web\plan\index.php(13): CApplication->run()
#5 {main}
REQUEST_URI=/style/combine.js
---
2015/01/23 17:01:18 [error] [exception.CHttpException.404] exception 'CHttpException' with message 'Unable to resolve the request "js/admin/article_system/error.js".' in D:\wamp\web\plan\framework\web\CWebApplication.php:286
Stack trace:
#0 D:\wamp\web\plan\framework\web\CWebApplication.php(141): CWebApplication->runController('js/admin/articl...')
#1 D:\wamp\web\plan\framework\base\CApplication.php(169): CWebApplication->processRequest()
#2 D:\wamp\web\plan\index.php(13): CApplication->run()
#3 {main}
REQUEST_URI=/js/admin/article_system/error.js
HTTP_REFERER=http://plan.hkoudai.com/style/combine.js
---
2015/01/23 17:01:22 [error] [exception.CHttpException.404] exception 'CHttpException' with message 'The system is unable to find the requested action "combine.js".' in D:\wamp\web\plan\framework\web\CController.php:483
Stack trace:
#0 D:\wamp\web\plan\framework\web\CController.php(270): CController->missingAction('combine.js')
#1 D:\wamp\web\plan\framework\web\CWebApplication.php(282): CController->run('combine.js')
#2 D:\wamp\web\plan\framework\web\CWebApplication.php(141): CWebApplication->runController('style/combine.j...')
#3 D:\wamp\web\plan\framework\base\CApplication.php(169): CWebApplication->processRequest()
#4 D:\wamp\web\plan\index.php(13): CApplication->run()
#5 {main}
REQUEST_URI=/style/combine.js
---
2015/01/23 17:01:22 [error] [exception.CHttpException.404] exception 'CHttpException' with message 'Unable to resolve the request "js/admin/article_system/error.js".' in D:\wamp\web\plan\framework\web\CWebApplication.php:286
Stack trace:
#0 D:\wamp\web\plan\framework\web\CWebApplication.php(141): CWebApplication->runController('js/admin/articl...')
#1 D:\wamp\web\plan\framework\base\CApplication.php(169): CWebApplication->processRequest()
#2 D:\wamp\web\plan\index.php(13): CApplication->run()
#3 {main}
REQUEST_URI=/js/admin/article_system/error.js
HTTP_REFERER=http://plan.hkoudai.com/style/combine.js
---
2015/01/23 17:06:00 [error] [php] Undefined index: HTTP_REFERER (D:\wamp\web\plan\protected\controllers\StyleController.php:25)
Stack trace:
#0 D:\wamp\web\plan\framework\web\CController.php(286): StyleController->runAction()
#1 D:\wamp\web\plan\framework\web\CController.php(265): StyleController->runActionWithFilters()
#2 D:\wamp\web\plan\framework\web\CWebApplication.php(282): StyleController->run()
#3 D:\wamp\web\plan\framework\web\CWebApplication.php(141): CWebApplication->runController()
#4 D:\wamp\web\plan\framework\base\CApplication.php(169): CWebApplication->processRequest()
#5 D:\wamp\web\plan\index.php(13): CWebApplication->run()
REQUEST_URI=/style/combine/=/style/n/bit.js,/style/n/bit.util.js
2015/01/23 17:12:36 [error] [exception.CHttpException.404] exception 'CHttpException' with message 'The system is unable to find the requested action "n".' in D:\wamp\web\plan\framework\web\CController.php:483
Stack trace:
#0 D:\wamp\web\plan\framework\web\CController.php(270): CController->missingAction('n')
#1 D:\wamp\web\plan\framework\web\CWebApplication.php(282): CController->run('n')
#2 D:\wamp\web\plan\framework\web\CWebApplication.php(141): CWebApplication->runController('style/n/bit.js')
#3 D:\wamp\web\plan\framework\base\CApplication.php(169): CWebApplication->processRequest()
#4 D:\wamp\web\plan\index.php(13): CApplication->run()
#5 {main}
REQUEST_URI=/style/n/bit.js
---
2015/01/23 17:12:36 [error] [exception.CHttpException.404] exception 'CHttpException' with message 'Unable to resolve the request "js/admin/article_system/error.js".' in D:\wamp\web\plan\framework\web\CWebApplication.php:286
Stack trace:
#0 D:\wamp\web\plan\framework\web\CWebApplication.php(141): CWebApplication->runController('js/admin/articl...')
#1 D:\wamp\web\plan\framework\base\CApplication.php(169): CWebApplication->processRequest()
#2 D:\wamp\web\plan\index.php(13): CApplication->run()
#3 {main}
REQUEST_URI=/js/admin/article_system/error.js
HTTP_REFERER=http://plan.hkoudai.com/style/n/bit.js
---
2015/01/23 17:26:45 [error] [php] file_get_contents(plan.hkoudai.com/style/js/n/bit.js) [<a href='function.file-get-contents'>function.file-get-contents</a>]: failed to open stream: No such file or directory (D:\wamp\web\plan\protected\controllers\StyleController.php:33)
Stack trace:
#0 D:\wamp\web\plan\framework\web\CController.php(308): CInlineAction->runWithParams()
#1 D:\wamp\web\plan\framework\web\CController.php(286): StyleController->runAction()
#2 D:\wamp\web\plan\framework\web\CController.php(265): StyleController->runActionWithFilters()
#3 D:\wamp\web\plan\framework\web\CWebApplication.php(282): StyleController->run()
#4 D:\wamp\web\plan\framework\web\CWebApplication.php(141): CWebApplication->runController()
#5 D:\wamp\web\plan\framework\base\CApplication.php(169): CWebApplication->processRequest()
#6 D:\wamp\web\plan\index.php(13): CWebApplication->run()
REQUEST_URI=/style/combine/debug=/style/js/n/bit.js=/style/js/n/bit.util.js
2015/01/23 17:35:57 [error] [exception.CHttpException.404] exception 'CHttpException' with message 'The system is unable to find the requested action "combine=".' in D:\wamp\web\plan\framework\web\CController.php:483
Stack trace:
#0 D:\wamp\web\plan\framework\web\CController.php(270): CController->missingAction('combine=')
#1 D:\wamp\web\plan\framework\web\CWebApplication.php(282): CController->run('combine=')
#2 D:\wamp\web\plan\framework\web\CWebApplication.php(141): CWebApplication->runController('style/combine=/...')
#3 D:\wamp\web\plan\framework\base\CApplication.php(169): CWebApplication->processRequest()
#4 D:\wamp\web\plan\index.php(13): CApplication->run()
#5 {main}
REQUEST_URI=/style/combine=/style/js/n/bit.js=/style/js/n/bit.util.js
HTTP_REFERER=http://plan.hkoudai.com/site
---
2015/01/23 17:36:07 [error] [exception.CHttpException.404] exception 'CHttpException' with message 'The system is unable to find the requested action "combine=".' in D:\wamp\web\plan\framework\web\CController.php:483
Stack trace:
#0 D:\wamp\web\plan\framework\web\CController.php(270): CController->missingAction('combine=')
#1 D:\wamp\web\plan\framework\web\CWebApplication.php(282): CController->run('combine=')
#2 D:\wamp\web\plan\framework\web\CWebApplication.php(141): CWebApplication->runController('style/combine=/...')
#3 D:\wamp\web\plan\framework\base\CApplication.php(169): CWebApplication->processRequest()
#4 D:\wamp\web\plan\index.php(13): CApplication->run()
#5 {main}
REQUEST_URI=/style/combine=/style/js/n/bit.js=/style/js/n/bit.util.js
---
2015/01/23 17:36:07 [error] [exception.CHttpException.404] exception 'CHttpException' with message 'Unable to resolve the request "js/admin/article_system/error.js".' in D:\wamp\web\plan\framework\web\CWebApplication.php:286
Stack trace:
#0 D:\wamp\web\plan\framework\web\CWebApplication.php(141): CWebApplication->runController('js/admin/articl...')
#1 D:\wamp\web\plan\framework\base\CApplication.php(169): CWebApplication->processRequest()
#2 D:\wamp\web\plan\index.php(13): CApplication->run()
#3 {main}
REQUEST_URI=/js/admin/article_system/error.js
HTTP_REFERER=http://plan.hkoudai.com/style/combine=/style/js/n/bit.js=/style/js/n/bit.util.js
---
2015/01/23 17:36:22 [error] [exception.CHttpException.404] exception 'CHttpException' with message 'The system is unable to find the requested action "combine=".' in D:\wamp\web\plan\framework\web\CController.php:483
Stack trace:
#0 D:\wamp\web\plan\framework\web\CController.php(270): CController->missingAction('combine=')
#1 D:\wamp\web\plan\framework\web\CWebApplication.php(282): CController->run('combine=')
#2 D:\wamp\web\plan\framework\web\CWebApplication.php(141): CWebApplication->runController('style/combine=/...')
#3 D:\wamp\web\plan\framework\base\CApplication.php(169): CWebApplication->processRequest()
#4 D:\wamp\web\plan\index.php(13): CApplication->run()
#5 {main}
REQUEST_URI=/style/combine=/style/js/n/bit.js=/style/js/n/bit.util.js
---
2015/01/23 17:36:22 [error] [exception.CHttpException.404] exception 'CHttpException' with message 'Unable to resolve the request "js/admin/article_system/error.js".' in D:\wamp\web\plan\framework\web\CWebApplication.php:286
Stack trace:
#0 D:\wamp\web\plan\framework\web\CWebApplication.php(141): CWebApplication->runController('js/admin/articl...')
#1 D:\wamp\web\plan\framework\base\CApplication.php(169): CWebApplication->processRequest()
#2 D:\wamp\web\plan\index.php(13): CApplication->run()
#3 {main}
REQUEST_URI=/js/admin/article_system/error.js
HTTP_REFERER=http://plan.hkoudai.com/style/combine=/style/js/n/bit.js=/style/js/n/bit.util.js
---
